<?xml version="1.0" encoding="UTF-8"?>
<coverage generated="1564283031157" clover="3.2.0">
  <project timestamp="1564283031157" name="All files">
    <metrics statements="14" coveredstatements="14" conditionals="11" coveredconditionals="11" methods="2" coveredmethods="2" elements="27" coveredelements="27" complexity="0" loc="14" ncloc="14" packages="1" files="1" classes="1"/>
    <file name="index.js" path="/home/rafiki/Code/Snippets/array-filter-map/src/index.js">
      <metrics statements="14" coveredstatements="14" conditionals="11" coveredconditionals="11" methods="2" coveredmethods="2"/>
      <line num="18" count="9" type="cond" truecount="2" falsecount="0"/>
      <line num="19" count="1" type="stmt"/>
      <line num="21" count="8" type="cond" truecount="2" falsecount="0"/>
      <line num="22" count="1" type="stmt"/>
      <line num="24" count="7" type="cond" truecount="2" falsecount="0"/>
      <line num="25" count="2" type="stmt"/>
      <line num="33" count="7" type="cond" truecount="2" falsecount="0"/>
      <line num="34" count="1" type="stmt"/>
      <line num="35" count="1" type="stmt"/>
      <line num="38" count="7" type="stmt"/>
      <line num="39" count="1000017" type="cond" truecount="2" falsecount="0"/>
      <line num="40" count="700013" type="stmt"/>
      <line num="42" count="1000017" type="stmt"/>
      <line num="46" count="1" type="stmt"/>
    </file>
  </project>
</coverage>
